2026-01-29 16:43:24,883 | ====== WebDriver manager ======
2026-01-29 16:43:27,305 | Get LATEST chromedriver version for google-chrome
2026-01-29 16:43:28,218 | Get LATEST chromedriver version for google-chrome
2026-01-29 16:43:28,297 | There is no [win64] chromedriver "144.0.7559.109" for browser google-chrome "144.0.7559" in cache
2026-01-29 16:43:28,297 | Get LATEST chromedriver version for google-chrome
2026-01-29 16:43:28,505 | WebDriver version 144.0.7559.109 selected
2026-01-29 16:43:28,511 | Modern chrome version https://storage.googleapis.com/chrome-for-testing-public/144.0.7559.109/win32/chromedriver-win32.zip
2026-01-29 16:43:28,511 | About to download new driver from https://storage.googleapis.com/chrome-for-testing-public/144.0.7559.109/win32/chromedriver-win32.zip
2026-01-29 16:43:28,651 | Driver downloading response is 200
2026-01-29 16:43:57,684 | Get LATEST chromedriver version for google-chrome
2026-01-29 16:43:57,877 | Driver has been saved in cache [C:\Users\uniqu\.wdm\drivers\chromedriver\win64\144.0.7559.109]
2026-01-29 16:44:08,371 | ====== WebDriver manager ======
2026-01-29 16:44:10,766 | Get LATEST chromedriver version for google-chrome
2026-01-29 16:44:12,195 | Get LATEST chromedriver version for google-chrome
2026-01-29 16:44:13,030 | Driver [C:\Users\uniqu\.wdm\drivers\chromedriver\win64\144.0.7559.109\chromedriver-win32/chromedriver.exe] found in cache
2026-01-29 16:45:22,574 | Question 1544 | \U0001f916 AI Suggest Topic FAILED after 3 retries
2026-01-29 16:46:29,963 | Question 1544 | \U0001f916 AI Suggest Learning Objectives FAILED after 3 retries
2026-01-29 16:53:34,152 | ====== WebDriver manager ======
2026-01-29 16:53:36,287 | Get LATEST chromedriver version for google-chrome
2026-01-29 16:53:36,600 | Get LATEST chromedriver version for google-chrome
2026-01-29 16:53:36,707 | Driver [C:\Users\uniqu\.wdm\drivers\chromedriver\win64\144.0.7559.109\chromedriver-win32/chromedriver.exe] found in cache
2026-01-29 16:54:47,321 | Question 1544 | AI Suggest Learning Objectives FAILED after 3 retries
2026-01-29 16:55:56,361 | Question 1543 | AI Suggest Learning Objectives FAILED after 3 retries
2026-01-29 16:57:05,532 | Question 1542 | AI Suggest Learning Objectives FAILED after 3 retries
2026-01-29 16:57:52,150 | ====== WebDriver manager ======
2026-01-29 16:57:54,297 | Get LATEST chromedriver version for google-chrome
2026-01-29 16:57:55,585 | Get LATEST chromedriver version for google-chrome
2026-01-29 16:57:56,503 | Driver [C:\Users\uniqu\.wdm\drivers\chromedriver\win64\144.0.7559.109\chromedriver-win32/chromedriver.exe] found in cache
2026-01-29 16:59:24,940 | Question 1544 | AI Suggest Learning Objectives FAILED after 3 retries
2026-01-29 17:00:35,041 | Question 1543 | AI Suggest Learning Objectives FAILED after 3 retries
2026-01-29 17:01:44,591 | Question 1542 | AI Suggest Learning Objectives FAILED after 3 retries
2026-01-29 17:02:53,519 | Question 1541 | AI Suggest Learning Objectives FAILED after 3 retries
2026-01-29 17:04:03,250 | Question 1540 | AI Suggest Learning Objectives FAILED after 3 retries
2026-01-29 17:05:12,965 | Question 1539 | AI Suggest Learning Objectives FAILED after 3 retries
2026-01-29 17:06:21,999 | Question 1538 | AI Suggest Learning Objectives FAILED after 3 retries
2026-01-29 17:09:13,736 | ====== WebDriver manager ======
2026-01-29 17:09:16,298 | Get LATEST chromedriver version for google-chrome
2026-01-29 17:09:17,291 | Get LATEST chromedriver version for google-chrome
2026-01-29 17:09:18,284 | Driver [C:\Users\uniqu\.wdm\drivers\chromedriver\win64\144.0.7559.109\chromedriver-win32/chromedriver.exe] found in cache
2026-01-30 06:38:53,653 | ====== WebDriver manager ======
2026-01-30 06:38:55,925 | Get LATEST chromedriver version for google-chrome
2026-01-30 06:38:56,901 | Get LATEST chromedriver version for google-chrome
2026-01-30 06:38:56,950 | Get LATEST chromedriver version for google-chrome
2026-01-30 06:38:57,093 | WebDriver version 144.0.7559.109 selected
2026-01-30 06:38:57,100 | Modern chrome version https://storage.googleapis.com/chrome-for-testing-public/144.0.7559.109/win32/chromedriver-win32.zip
2026-01-30 06:38:57,100 | About to download new driver from https://storage.googleapis.com/chrome-for-testing-public/144.0.7559.109/win32/chromedriver-win32.zip
2026-01-30 06:38:57,213 | Driver downloading response is 200
2026-01-30 06:38:59,156 | Get LATEST chromedriver version for google-chrome
2026-01-30 06:38:59,322 | Driver has been saved in cache [C:\Users\uniqu\.wdm\drivers\chromedriver\win64\144.0.7559.109]
